<?xml version='1.0' encoding='UTF-8'?>
<testsuite hostname="RAMESH" name="patmat.HuffmanSuite" tests="6" errors="0" failures="0" time="0.026">
                     <properties>
[...]
</properties>
                     <testcase classname="patmat.HuffmanSuite" name="weight of a larger tree" time="0.026">
                                                 
                                               </testcase><testcase classname="patmat.HuffmanSuite" name="chars of a larger tree" time="0.0">
                                                 
                                               </testcase><testcase classname="patmat.HuffmanSuite" name="string2chars(&quot;hello, world&quot;)" time="0.0">
                                                 
                                               </testcase><testcase classname="patmat.HuffmanSuite" name="makeOrderedLeafList for some frequency table" time="0.0">
                                                 
                                               </testcase><testcase classname="patmat.HuffmanSuite" name="combine of some leaf list" time="0.0">
                                                 
                                               </testcase><testcase classname="patmat.HuffmanSuite" name="decode and encode a very short text should be identity" time="0.0">
                                                 
                                               </testcase>
                     <system-out></system-out>
                     <system-err></system-err>
                   </testsuite>